{"uuid":"076cc0d3-4547-4f61-93e8-e53389b5fc9b","historyId":"ce7bd0c6101c17c22d18c662229018fa","fullName":"Test.CardCategoryTest.testaddcard","labels":[{"name":"package","value":"Test.CardCategoryTest"},{"name":"testClass","value":"Test.CardCategoryTest"},{"name":"testMethod","value":"testaddcard"},{"name":"parentSuite","value":"Qareb"},{"name":"suite","value":"base"},{"name":"subSuite","value":"Test.CardCategoryTest"},{"name":"host","value":"DESKTOP-55N8I2I"},{"name":"thread","value":"35812@DESKTOP-55N8I2I.main(1)"},{"name":"framework","value":"testng"},{"name":"language","value":"java"}],"links":[],"name":"testaddcard","status":"broken","statusDetails":{"known":false,"muted":false,"flaky":false,"message":"Error {\n  message='Error: Element is not an <input>, <textarea> or [contenteditable] element\n  name='Error\n  stack='Error: Error: Element is not an <input>, <textarea> or [contenteditable] element\n    at CRExecutionContext.evaluateWithArguments (C:\\Users\\STORM\\AppData\\Local\\Temp\\playwright-java-9032252519366497251\\package\\lib\\server\\chromium\\crExecutionContext.js:92:33)\n    at async LongStandingScope._race (C:\\Users\\STORM\\AppData\\Local\\Temp\\playwright-java-9032252519366497251\\package\\lib\\utils\\manualPromise.js:96:14)\n    at async evaluateExpression (C:\\Users\\STORM\\AppData\\Local\\Temp\\playwright-java-9032252519366497251\\package\\lib\\server\\javascript.js:242:12)\n    at async ElementHandle.evaluateInUtility (C:\\Users\\STORM\\AppData\\Local\\Temp\\playwright-java-9032252519366497251\\package\\lib\\server\\dom.js:126:14)\n    at async C:\\Users\\STORM\\AppData\\Local\\Temp\\playwright-java-9032252519366497251\\package\\lib\\server\\dom.js:535:22\n    at async ElementHandle._retryAction (C:\\Users\\STORM\\AppData\\Local\\Temp\\playwright-java-9032252519366497251\\package\\lib\\server\\dom.js:267:22)\n    at async ElementHandle._fill (C:\\Users\\STORM\\AppData\\Local\\Temp\\playwright-java-9032252519366497251\\package\\lib\\server\\dom.js:532:12)\n    at async C:\\Users\\STORM\\AppData\\Local\\Temp\\playwright-java-9032252519366497251\\package\\lib\\server\\frames.js:994:24\n    at async Frame.retryWithProgressAndTimeouts (C:\\Users\\STORM\\AppData\\Local\\Temp\\playwright-java-9032252519366497251\\package\\lib\\server\\frames.js:929:24)\n    at async C:\\Users\\STORM\\AppData\\Local\\Temp\\playwright-java-9032252519366497251\\package\\lib\\server\\frames.js:1064:29\n}\nCall log:\n- waiting for locator(\"//app-entity-autocomplete[@formcontrolname='company']\")\n-   locator resolved to <app-entity-autocomplete formcontrolname=\"company\" class=\"ng-untouched ng-pristine ng-valid\">…</app-entity-autocomplete>\n-   fill(\"موب5212\")\n- attempting fill action\n-   waiting for element to be visible, enabled and editable\n","trace":"com.microsoft.playwright.PlaywrightException: Error {\n  message='Error: Element is not an <input>, <textarea> or [contenteditable] element\n  name='Error\n  stack='Error: Error: Element is not an <input>, <textarea> or [contenteditable] element\n    at CRExecutionContext.evaluateWithArguments (C:\\Users\\STORM\\AppData\\Local\\Temp\\playwright-java-9032252519366497251\\package\\lib\\server\\chromium\\crExecutionContext.js:92:33)\n    at async LongStandingScope._race (C:\\Users\\STORM\\AppData\\Local\\Temp\\playwright-java-9032252519366497251\\package\\lib\\utils\\manualPromise.js:96:14)\n    at async evaluateExpression (C:\\Users\\STORM\\AppData\\Local\\Temp\\playwright-java-9032252519366497251\\package\\lib\\server\\javascript.js:242:12)\n    at async ElementHandle.evaluateInUtility (C:\\Users\\STORM\\AppData\\Local\\Temp\\playwright-java-9032252519366497251\\package\\lib\\server\\dom.js:126:14)\n    at async C:\\Users\\STORM\\AppData\\Local\\Temp\\playwright-java-9032252519366497251\\package\\lib\\server\\dom.js:535:22\n    at async ElementHandle._retryAction (C:\\Users\\STORM\\AppData\\Local\\Temp\\playwright-java-9032252519366497251\\package\\lib\\server\\dom.js:267:22)\n    at async ElementHandle._fill (C:\\Users\\STORM\\AppData\\Local\\Temp\\playwright-java-9032252519366497251\\package\\lib\\server\\dom.js:532:12)\n    at async C:\\Users\\STORM\\AppData\\Local\\Temp\\playwright-java-9032252519366497251\\package\\lib\\server\\frames.js:994:24\n    at async Frame.retryWithProgressAndTimeouts (C:\\Users\\STORM\\AppData\\Local\\Temp\\playwright-java-9032252519366497251\\package\\lib\\server\\frames.js:929:24)\n    at async C:\\Users\\STORM\\AppData\\Local\\Temp\\playwright-java-9032252519366497251\\package\\lib\\server\\frames.js:1064:29\n}\nCall log:\n- waiting for locator(\"//app-entity-autocomplete[@formcontrolname='company']\")\n-   locator resolved to <app-entity-autocomplete formcontrolname=\"company\" class=\"ng-untouched ng-pristine ng-valid\">…</app-entity-autocomplete>\n-   fill(\"موب5212\")\n- attempting fill action\n-   waiting for element to be visible, enabled and editable\n\r\n\tat com.microsoft.playwright.impl.WaitableResult.get(WaitableResult.java:56)\r\n\tat com.microsoft.playwright.impl.ChannelOwner.runUntil(ChannelOwner.java:120)\r\n\tat com.microsoft.playwright.impl.Connection.sendMessage(Connection.java:130)\r\n\tat com.microsoft.playwright.impl.ChannelOwner.sendMessage(ChannelOwner.java:106)\r\n\tat com.microsoft.playwright.impl.FrameImpl.fillImpl(FrameImpl.java:335)\r\n\tat com.microsoft.playwright.impl.FrameImpl.lambda$fill$14(FrameImpl.java:325)\r\n\tat com.microsoft.playwright.impl.LoggingSupport.lambda$withLogging$0(LoggingSupport.java:36)\r\n\tat com.microsoft.playwright.impl.LoggingSupport.withLogging(LoggingSupport.java:47)\r\n\tat com.microsoft.playwright.impl.ChannelOwner.withLogging(ChannelOwner.java:89)\r\n\tat com.microsoft.playwright.impl.LoggingSupport.withLogging(LoggingSupport.java:35)\r\n\tat com.microsoft.playwright.impl.FrameImpl.fill(FrameImpl.java:325)\r\n\tat com.microsoft.playwright.impl.LocatorImpl.fill(LocatorImpl.java:235)\r\n\tat com.microsoft.playwright.Locator.fill(Locator.java:2988)\r\n\tat Page.PageBase.sendText(PageBase.java:55)\r\n\tat Page.cardCategoryPage.addcard(cardCategoryPage.java:38)\r\n\tat Test.CardCategoryTest.testaddcard(CardCategoryTest.java:15)\r\n\tat java.base/jdk.internal.reflect.NativeMethodAccessorImpl.invoke0(Native Method)\r\n\tat java.base/jdk.internal.reflect.NativeMethodAccessorImpl.invoke(NativeMethodAccessorImpl.java:77)\r\n\tat java.base/jdk.internal.reflect.DelegatingMethodAccessorImpl.invoke(DelegatingMethodAccessorImpl.java:43)\r\n\tat java.base/java.lang.reflect.Method.invoke(Method.java:568)\r\n\tat org.testng.internal.MethodInvocationHelper.invokeMethod(MethodInvocationHelper.java:124)\r\n\tat org.testng.internal.Invoker.invokeMethod(Invoker.java:583)\r\n\tat org.testng.internal.Invoker.invokeTestMethod(Invoker.java:719)\r\n\tat org.testng.internal.Invoker.invokeTestMethods(Invoker.java:989)\r\n\tat org.testng.internal.TestMethodWorker.invokeTestMethods(TestMethodWorker.java:125)\r\n\tat org.testng.internal.TestMethodWorker.run(TestMethodWorker.java:109)\r\n\tat org.testng.TestRunner.privateRun(TestRunner.java:648)\r\n\tat org.testng.TestRunner.run(TestRunner.java:505)\r\n\tat org.testng.SuiteRunner.runTest(SuiteRunner.java:455)\r\n\tat org.testng.SuiteRunner.runSequentially(SuiteRunner.java:450)\r\n\tat org.testng.SuiteRunner.privateRun(SuiteRunner.java:415)\r\n\tat org.testng.SuiteRunner.run(SuiteRunner.java:364)\r\n\tat org.testng.SuiteRunnerWorker.runSuite(SuiteRunnerWorker.java:52)\r\n\tat org.testng.SuiteRunnerWorker.run(SuiteRunnerWorker.java:84)\r\n\tat org.testng.TestNG.runSuitesSequentially(TestNG.java:1208)\r\n\tat org.testng.TestNG.runSuitesLocally(TestNG.java:1137)\r\n\tat org.testng.TestNG.runSuites(TestNG.java:1049)\r\n\tat org.testng.TestNG.run(TestNG.java:1017)\r\n\tat org.apache.maven.surefire.testng.TestNGExecutor.run(TestNGExecutor.java:281)\r\n\tat org.apache.maven.surefire.testng.TestNGXmlTestSuite.execute(TestNGXmlTestSuite.java:75)\r\n\tat org.apache.maven.surefire.testng.TestNGProvider.invoke(TestNGProvider.java:121)\r\n\tat org.apache.maven.surefire.booter.ForkedBooter.invokeProviderInSameClassLoader(ForkedBooter.java:290)\r\n\tat org.apache.maven.surefire.booter.ForkedBooter.runSuitesInProcess(ForkedBooter.java:242)\r\n\tat org.apache.maven.surefire.booter.ForkedBooter.main(ForkedBooter.java:121)\r\nCaused by: com.microsoft.playwright.impl.DriverException: Error {\n  message='Error: Element is not an <input>, <textarea> or [contenteditable] element\n  name='Error\n  stack='Error: Error: Element is not an <input>, <textarea> or [contenteditable] element\n    at CRExecutionContext.evaluateWithArguments (C:\\Users\\STORM\\AppData\\Local\\Temp\\playwright-java-9032252519366497251\\package\\lib\\server\\chromium\\crExecutionContext.js:92:33)\n    at async LongStandingScope._race (C:\\Users\\STORM\\AppData\\Local\\Temp\\playwright-java-9032252519366497251\\package\\lib\\utils\\manualPromise.js:96:14)\n    at async evaluateExpression (C:\\Users\\STORM\\AppData\\Local\\Temp\\playwright-java-9032252519366497251\\package\\lib\\server\\javascript.js:242:12)\n    at async ElementHandle.evaluateInUtility (C:\\Users\\STORM\\AppData\\Local\\Temp\\playwright-java-9032252519366497251\\package\\lib\\server\\dom.js:126:14)\n    at async C:\\Users\\STORM\\AppData\\Local\\Temp\\playwright-java-9032252519366497251\\package\\lib\\server\\dom.js:535:22\n    at async ElementHandle._retryAction (C:\\Users\\STORM\\AppData\\Local\\Temp\\playwright-java-9032252519366497251\\package\\lib\\server\\dom.js:267:22)\n    at async ElementHandle._fill (C:\\Users\\STORM\\AppData\\Local\\Temp\\playwright-java-9032252519366497251\\package\\lib\\server\\dom.js:532:12)\n    at async C:\\Users\\STORM\\AppData\\Local\\Temp\\playwright-java-9032252519366497251\\package\\lib\\server\\frames.js:994:24\n    at async Frame.retryWithProgressAndTimeouts (C:\\Users\\STORM\\AppData\\Local\\Temp\\playwright-java-9032252519366497251\\package\\lib\\server\\frames.js:929:24)\n    at async C:\\Users\\STORM\\AppData\\Local\\Temp\\playwright-java-9032252519366497251\\package\\lib\\server\\frames.js:1064:29\n}\nCall log:\n- waiting for locator(\"//app-entity-autocomplete[@formcontrolname='company']\")\n-   locator resolved to <app-entity-autocomplete formcontrolname=\"company\" class=\"ng-untouched ng-pristine ng-valid\">…</app-entity-autocomplete>\n-   fill(\"موب5212\")\n- attempting fill action\n-   waiting for element to be visible, enabled and editable\n\r\n\tat com.microsoft.playwright.impl.Connection.dispatch(Connection.java:259)\r\n\tat com.microsoft.playwright.impl.Connection.processOneMessage(Connection.java:211)\r\n\tat com.microsoft.playwright.impl.ChannelOwner.runUntil(ChannelOwner.java:118)\r\n\t... 42 more\r\n"},"stage":"finished","steps":[],"attachments":[],"parameters":[{"name":"browser","value":"chrome"}],"start":1769430244310,"stop":1769430246986}