{"uuid":"1ce17d21-5fc5-44ef-abab-5c1228b5fcf0","historyId":"278b52846fe0e02c7cdafd96c7c93307","fullName":"Test.PaymentcollectorTest.tesaddpaymentcollector","labels":[{"name":"package","value":"Test.PaymentcollectorTest"},{"name":"testClass","value":"Test.PaymentcollectorTest"},{"name":"testMethod","value":"tesaddpaymentcollector"},{"name":"parentSuite","value":"ECommerece"},{"name":"suite","value":"base"},{"name":"subSuite","value":"Test.PaymentcollectorTest"},{"name":"host","value":"DESKTOP-55N8I2I"},{"name":"thread","value":"10660@DESKTOP-55N8I2I.main(1)"},{"name":"framework","value":"testng"},{"name":"language","value":"java"}],"links":[],"name":"tesaddpaymentcollector","status":"skipped","statusDetails":{"known":false,"muted":false,"flaky":false,"message":"Error {\n  message='net::ERR_ABORTED at http://138.199.218.4:8080/auth/login\n  name='Error\n  stack='Error: net::ERR_ABORTED at http://138.199.218.4:8080/auth/login\n    at FrameSession._navigate (C:\\Users\\STORM\\AppData\\Local\\Temp\\playwright-java-17736809780084101061\\package\\lib\\server\\chromium\\crPage.js:506:35)\n    at async Frame._gotoAction (C:\\Users\\STORM\\AppData\\Local\\Temp\\playwright-java-17736809780084101061\\package\\lib\\server\\frames.js:535:28)\n}\nCall log:\n- navigating to \"http://138.199.218.4:8080/auth/login\", waiting until \"load\"\n","trace":"com.microsoft.playwright.PlaywrightException: Error {\n  message='net::ERR_ABORTED at http://138.199.218.4:8080/auth/login\n  name='Error\n  stack='Error: net::ERR_ABORTED at http://138.199.218.4:8080/auth/login\n    at FrameSession._navigate (C:\\Users\\STORM\\AppData\\Local\\Temp\\playwright-java-17736809780084101061\\package\\lib\\server\\chromium\\crPage.js:506:35)\n    at async Frame._gotoAction (C:\\Users\\STORM\\AppData\\Local\\Temp\\playwright-java-17736809780084101061\\package\\lib\\server\\frames.js:535:28)\n}\nCall log:\n- navigating to \"http://138.199.218.4:8080/auth/login\", waiting until \"load\"\n\r\n\tat com.microsoft.playwright.impl.WaitableResult.get(WaitableResult.java:56)\r\n\tat com.microsoft.playwright.impl.ChannelOwner.runUntil(ChannelOwner.java:120)\r\n\tat com.microsoft.playwright.impl.Connection.sendMessage(Connection.java:130)\r\n\tat com.microsoft.playwright.impl.ChannelOwner.sendMessage(ChannelOwner.java:106)\r\n\tat com.microsoft.playwright.impl.FrameImpl.navigateImpl(FrameImpl.java:463)\r\n\tat com.microsoft.playwright.impl.PageImpl.lambda$navigate$46(PageImpl.java:932)\r\n\tat com.microsoft.playwright.impl.LoggingSupport.withLogging(LoggingSupport.java:47)\r\n\tat com.microsoft.playwright.impl.ChannelOwner.withLogging(ChannelOwner.java:89)\r\n\tat com.microsoft.playwright.impl.PageImpl.navigate(PageImpl.java:932)\r\n\tat com.microsoft.playwright.impl.PageImpl.navigate(PageImpl.java:42)\r\n\tat com.microsoft.playwright.Page.navigate(Page.java:5446)\r\n\tat Test.BaseTest.open(BaseTest.java:75)\r\n\tat java.base/jdk.internal.reflect.NativeMethodAccessorImpl.invoke0(Native Method)\r\n\tat java.base/jdk.internal.reflect.NativeMethodAccessorImpl.invoke(NativeMethodAccessorImpl.java:77)\r\n\tat java.base/jdk.internal.reflect.DelegatingMethodAccessorImpl.invoke(DelegatingMethodAccessorImpl.java:43)\r\n\tat java.base/java.lang.reflect.Method.invoke(Method.java:568)\r\n\tat org.testng.internal.MethodInvocationHelper.invokeMethod(MethodInvocationHelper.java:124)\r\n\tat org.testng.internal.MethodInvocationHelper.invokeMethodConsideringTimeout(MethodInvocationHelper.java:59)\r\n\tat org.testng.internal.Invoker.invokeConfigurationMethod(Invoker.java:458)\r\n\tat org.testng.internal.Invoker.invokeConfigurations(Invoker.java:222)\r\n\tat org.testng.internal.Invoker.invokeConfigurations(Invoker.java:142)\r\n\tat org.testng.SuiteRunner.privateRun(SuiteRunner.java:401)\r\n\tat org.testng.SuiteRunner.run(SuiteRunner.java:364)\r\n\tat org.testng.SuiteRunnerWorker.runSuite(SuiteRunnerWorker.java:52)\r\n\tat org.testng.SuiteRunnerWorker.run(SuiteRunnerWorker.java:84)\r\n\tat org.testng.TestNG.runSuitesSequentially(TestNG.java:1208)\r\n\tat org.testng.TestNG.runSuitesLocally(TestNG.java:1137)\r\n\tat org.testng.TestNG.runSuites(TestNG.java:1049)\r\n\tat org.testng.TestNG.run(TestNG.java:1017)\r\n\tat org.apache.maven.surefire.testng.TestNGExecutor.run(TestNGExecutor.java:281)\r\n\tat org.apache.maven.surefire.testng.TestNGXmlTestSuite.execute(TestNGXmlTestSuite.java:75)\r\n\tat org.apache.maven.surefire.testng.TestNGProvider.invoke(TestNGProvider.java:121)\r\n\tat org.apache.maven.surefire.booter.ForkedBooter.invokeProviderInSameClassLoader(ForkedBooter.java:290)\r\n\tat org.apache.maven.surefire.booter.ForkedBooter.runSuitesInProcess(ForkedBooter.java:242)\r\n\tat org.apache.maven.surefire.booter.ForkedBooter.main(ForkedBooter.java:121)\r\nCaused by: com.microsoft.playwright.impl.DriverException: Error {\n  message='net::ERR_ABORTED at http://138.199.218.4:8080/auth/login\n  name='Error\n  stack='Error: net::ERR_ABORTED at http://138.199.218.4:8080/auth/login\n    at FrameSession._navigate (C:\\Users\\STORM\\AppData\\Local\\Temp\\playwright-java-17736809780084101061\\package\\lib\\server\\chromium\\crPage.js:506:35)\n    at async Frame._gotoAction (C:\\Users\\STORM\\AppData\\Local\\Temp\\playwright-java-17736809780084101061\\package\\lib\\server\\frames.js:535:28)\n}\nCall log:\n- navigating to \"http://138.199.218.4:8080/auth/login\", waiting until \"load\"\n\r\n\tat com.microsoft.playwright.impl.Connection.dispatch(Connection.java:259)\r\n\tat com.microsoft.playwright.impl.Connection.processOneMessage(Connection.java:211)\r\n\tat com.microsoft.playwright.impl.ChannelOwner.runUntil(ChannelOwner.java:118)\r\n\t... 33 more\r\n"},"stage":"finished","steps":[],"attachments":[],"parameters":[{"name":"browser","value":"chrome"}],"start":1766318964258,"stop":1766318964258}